[debug] [2024-01-06T08:40:25.160Z] ----------------------------------------------------------------------
[debug] [2024-01-06T08:40:25.163Z] Command:       C:\Program Files\nodejs\node.exe C:\Users\yarlagadda rushitha\AppData\Roaming\npm\node_modules\firebase-tools\lib\bin\firebase.js init
[debug] [2024-01-06T08:40:25.164Z] CLI Version:   13.0.2
[debug] [2024-01-06T08:40:25.164Z] Platform:      win32
[debug] [2024-01-06T08:40:25.165Z] Node Version:  v18.16.0
[debug] [2024-01-06T08:40:25.171Z] Time:          Sat Jan 06 2024 14:10:25 GMT+0530 (India Standard Time)
[debug] [2024-01-06T08:40:25.171Z] ----------------------------------------------------------------------
[debug] 
[debug] [2024-01-06T08:40:25.176Z] >>> [apiv2][query] GET https://firebase-public.firebaseio.com/cli.json [none]
[debug] [2024-01-06T08:40:25.356Z] > command requires scopes: ["email","openid","https://www.googleapis.com/auth/cloudplatformprojects.readonly","https://www.googleapis.com/auth/firebase","https://www.googleapis.com/auth/cloud-platform"]
[debug] [2024-01-06T08:40:25.357Z] > authorizing via signed-in user (ryarlagadda17405@gmail.com)
[info] 
     ######## #### ########  ######## ########     ###     ######  ########
     ##        ##  ##     ## ##       ##     ##  ##   ##  ##       ##
     ######    ##  ########  ######   ########  #########  ######  ######
     ##        ##  ##    ##  ##       ##     ## ##     ##       ## ##
     ##       #### ##     ## ######## ########  ##     ##  ######  ########

You're about to initialize a Firebase project in this directory:

  C:\Users\yarlagadda rushitha\OneDrive\Desktop\shopping\html-css-js-portfolio-tutorial-2-main

Before we get started, keep in mind:

  * You are initializing within an existing Firebase project directory

[debug] [2024-01-06T08:40:32.464Z] <<< [apiv2][status] GET https://firebase-public.firebaseio.com/cli.json 200
[debug] [2024-01-06T08:40:32.466Z] <<< [apiv2][body] GET https://firebase-public.firebaseio.com/cli.json {"cloudBuildErrorAfter":1594252800000,"cloudBuildWarnAfter":1590019200000,"defaultNode10After":1594252800000,"minVersion":"3.0.5","node8DeploysDisabledAfter":1613390400000,"node8RuntimeDisabledAfter":1615809600000,"node8WarnAfter":1600128000000}
[info] 
=== Project Setup
[info] 
[info] First, let's associate this project directory with a Firebase project.
[info] You can create multiple project aliases by running firebase use --add, 
[info] but for now we'll just set up a default project.
[info] 
[debug] [2024-01-06T08:40:56.365Z] Using project from CLI flag: yarlagaddarushithaportfolio
[debug] [2024-01-06T08:40:56.366Z] > refreshing access token with scopes: []
[debug] [2024-01-06T08:40:56.368Z] >>> [apiv2][query] POST https://www.googleapis.com/oauth2/v3/token [none]
[debug] [2024-01-06T08:40:56.368Z] >>> [apiv2][body] POST https://www.googleapis.com/oauth2/v3/token [omitted]
[debug] [2024-01-06T08:40:56.745Z] <<< [apiv2][status] POST https://www.googleapis.com/oauth2/v3/token 200
[debug] [2024-01-06T08:40:56.745Z] <<< [apiv2][body] POST https://www.googleapis.com/oauth2/v3/token [omitted]
[debug] [2024-01-06T08:40:56.761Z] >>> [apiv2][query] GET https://firebase.googleapis.com/v1beta1/projects/yarlagaddarushithaportfolio [none]
[debug] [2024-01-06T08:40:57.782Z] <<< [apiv2][status] GET https://firebase.googleapis.com/v1beta1/projects/yarlagaddarushithaportfolio 200
[debug] [2024-01-06T08:40:57.782Z] <<< [apiv2][body] GET https://firebase.googleapis.com/v1beta1/projects/yarlagaddarushithaportfolio {"projectId":"yarlagaddarushithaportfolio","projectNumber":"108927975956","displayName":"portfolio","name":"projects/yarlagaddarushithaportfolio","resources":{"hostingSite":"yarlagaddarushithaportfolio"},"state":"ACTIVE","etag":"1_9e975426-0e38-4059-87db-767d75b6e8a0"}
[info] i  Using project yarlagaddarushithaportfolio (portfolio) 
[info] 
=== Hosting:github Setup
[info] 
[info] i  Detected a .git folder at C:\Users\yarlagadda rushitha 
[info] i  Authorizing with GitHub to upload your service account to a GitHub repository's secrets store. 
[info] 
[info] Visit this URL on this device to log in:
[info] https://github.com/login/oauth/authorize?client_id=89cf50f02ac6aaed3484&state=269836607&redirect_uri=http%3A%2F%2Flocalhost%3A9005&scope=read%3Auser%20repo%20public_repo
[info] 
[info] Waiting for authentication...
[debug] [2024-01-06T08:40:59.372Z] >>> [apiv2][query] POST https://github.com/login/oauth/access_token [none]
[debug] [2024-01-06T08:40:59.373Z] >>> [apiv2][body] POST https://github.com/login/oauth/access_token [stream]
[debug] [2024-01-06T08:41:00.598Z] <<< [apiv2][status] POST https://github.com/login/oauth/access_token 200
[debug] [2024-01-06T08:41:00.599Z] <<< [apiv2][body] POST https://github.com/login/oauth/access_token {"access_token":"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","token_type":"bearer","scope":"read:user,repo"}
[debug] [2024-01-06T08:41:00.614Z] >>> [apiv2][query] GET https://api.github.com/user [none]
[debug] [2024-01-06T08:41:01.500Z] <<< [apiv2][status] GET https://api.github.com/user 200
[debug] [2024-01-06T08:41:01.500Z] <<< [apiv2][body] GET https://api.github.com/user {"login":"rushitha17","id":85926492,"node_id":"MDQ6VXNlcjg1OTI2NDky","avatar_url":"https://avatars.githubusercontent.com/u/85926492?v=4","gravatar_id":"","url":"https://api.github.com/users/rushitha17","html_url":"https://github.com/rushitha17","followers_url":"https://api.github.com/users/rushitha17/followers","following_url":"https://api.github.com/users/rushitha17/following{/other_user}","gists_url":"https://api.github.com/users/rushitha17/gists{/gist_id}","starred_url":"https://api.github.com/users/rushitha17/starred{/owner}{/repo}","subscriptions_url":"https://api.github.com/users/rushitha17/subscriptions","organizations_url":"https://api.github.com/users/rushitha17/orgs","repos_url":"https://api.github.com/users/rushitha17/repos","events_url":"https://api.github.com/users/rushitha17/events{/privacy}","received_events_url":"https://api.github.com/users/rushitha17/received_events","type":"User","site_admin":false,"name":null,"company":null,"blog":"","location":null,"email":null,"hireable":null,"bio":null,"twitter_username":null,"public_repos":11,"public_gists":0,"followers":1,"following":0,"created_at":"2021-06-15T07:17:41Z","updated_at":"2023-12-15T14:50:17Z","private_gists":0,"total_private_repos":0,"owned_private_repos":0,"disk_usage":195,"collaborators":0,"two_factor_authentication":false,"plan":{"name":"free","space":976562499,"collaborators":0,"private_repos":10000}}
[info] 
[info] +  Success! Logged into GitHub as rushitha17 
[info] 
